[35mfuro-stream:test: [0mcache hit, replaying output [2mf5e7ad6c510a7978[0m
[35mfuro-stream:test: [0m
[35mfuro-stream:test: [0m> furo-stream@ test /home/ola/repos/subgraphs/subgraphs/furo-stream
[35mfuro-stream:test: [0m> graph test
[35mfuro-stream:test: [0m
[35mfuro-stream:test: [0mSkipping download/install step because binary already exists at /home/ola/repos/subgraphs/node_modules/.pnpm/binary-install-raw@0.0.13_debug@4.1.1/node_modules/binary-install-raw/bin/0.4.2
[35mfuro-stream:test: [0m
[35mfuro-stream:test: [0m___  ___      _       _         _   _      _
[35mfuro-stream:test: [0m|  \/  |     | |     | |       | | (_)    | |
[35mfuro-stream:test: [0m| .  . | __ _| |_ ___| |__  ___| |_ _  ___| | __
[35mfuro-stream:test: [0m| |\/| |/ _` | __/ __| '_ \/ __| __| |/ __| |/ /
[35mfuro-stream:test: [0m| |  | | (_| | || (__| | | \__ \ |_| | (__|   <
[35mfuro-stream:test: [0m\_|  |_/\__,_|\__\___|_| |_|___/\__|_|\___|_|\_\
[35mfuro-stream:test: [0m    
[35mfuro-stream:test: [0mCompiling...
[35mfuro-stream:test: [0m
[35mfuro-stream:test: [0mðŸ’¬ Compiling transaction...
[35mfuro-stream:test: [0mthread 'main' panicked at 'ðŸ†˜ Internal error during compilation: No such file or directory (os error 2)', src/compiler.rs:122:35
[35mfuro-stream:test: [0mnote: run with `RUST_BACKTRACE=1` environment variable to display a backtrace
[35mfuro-stream:test: [0mnpm ERR! code ELIFECYCLE
[35mfuro-stream:test: [0mnpm ERR! errno 101
[35mfuro-stream:test: [0mnpm ERR! furo-stream@ test: `graph test`
[35mfuro-stream:test: [0mnpm ERR! Exit status 101
[35mfuro-stream:test: [0mnpm ERR! 
[35mfuro-stream:test: [0mnpm ERR! Failed at the furo-stream@ test script.
[35mfuro-stream:test: [0mnpm ERR! This is probably not a problem with npm. There is likely additional logging output above.
[35mfuro-stream:test: [0m
[35mfuro-stream:test: [0mnpm ERR! A complete log of this run can be found in:
[35mfuro-stream:test: [0mnpm ERR!     /home/ola/.npm/_logs/2022-04-07T08_18_18_069Z-debug.log
